2021-10-06 14:13:35 ERROR Empresa:33 - El jsonm no esta bien formado
com.fasterxml.jackson.databind.exc.InvalidDefinitionException: Cannot construct instance of `org.iesfm.serialización.empresa.Departamento` (no Creators, like default constructor, exist): cannot deserialize from Object value (no delegate- or property-based Creator)
 at [Source: (File); line: 5, column: 7] (through reference chain: org.iesfm.serialización.empresa.Empresa["departamentos"]->java.util.ArrayList[0])
	at com.fasterxml.jackson.databind.exc.InvalidDefinitionException.from(InvalidDefinitionException.java:67)
	at com.fasterxml.jackson.databind.DeserializationContext.reportBadDefinition(DeserializationContext.java:1764)
	at com.fasterxml.jackson.databind.DatabindContext.reportBadDefinition(DatabindContext.java:400)
	at com.fasterxml.jackson.databind.DeserializationContext.handleMissingInstantiator(DeserializationContext.java:1209)
	at com.fasterxml.jackson.databind.deser.BeanDeserializerBase.deserializeFromObjectUsingNonDefault(BeanDeserializerBase.java:1415)
	at com.fasterxml.jackson.databind.deser.BeanDeserializer.deserializeFromObject(BeanDeserializer.java:362)
	at com.fasterxml.jackson.databind.deser.BeanDeserializer.deserialize(BeanDeserializer.java:195)
	at com.fasterxml.jackson.databind.deser.std.CollectionDeserializer._deserializeFromArray(CollectionDeserializer.java:355)
	at com.fasterxml.jackson.databind.deser.std.CollectionDeserializer.deserialize(CollectionDeserializer.java:244)
	at com.fasterxml.jackson.databind.deser.std.CollectionDeserializer.deserialize(CollectionDeserializer.java:28)
	at com.fasterxml.jackson.databind.deser.impl.MethodProperty.deserializeAndSet(MethodProperty.java:129)
	at com.fasterxml.jackson.databind.deser.BeanDeserializer.vanillaDeserialize(BeanDeserializer.java:324)
	at com.fasterxml.jackson.databind.deser.BeanDeserializer.deserialize(BeanDeserializer.java:187)
	at com.fasterxml.jackson.databind.deser.DefaultDeserializationContext.readRootValue(DefaultDeserializationContext.java:322)
	at com.fasterxml.jackson.databind.ObjectMapper._readMapAndClose(ObjectMapper.java:4593)
	at com.fasterxml.jackson.databind.ObjectMapper.readValue(ObjectMapper.java:3413)
	at org.iesfm.serialización.empresa.EmpresaMain.main(EmpresaMain.java:20)
2021-10-06 14:16:38 ERROR Empresa:33 - El jsonm no esta bien formado
com.fasterxml.jackson.databind.exc.InvalidDefinitionException: Cannot construct instance of `org.iesfm.serialización.empresa.Departamento` (no Creators, like default constructor, exist): cannot deserialize from Object value (no delegate- or property-based Creator)
 at [Source: (File); line: 5, column: 7] (through reference chain: org.iesfm.serialización.empresa.Empresa["departamentos"]->java.util.ArrayList[0])
	at com.fasterxml.jackson.databind.exc.InvalidDefinitionException.from(InvalidDefinitionException.java:67)
	at com.fasterxml.jackson.databind.DeserializationContext.reportBadDefinition(DeserializationContext.java:1764)
	at com.fasterxml.jackson.databind.DatabindContext.reportBadDefinition(DatabindContext.java:400)
	at com.fasterxml.jackson.databind.DeserializationContext.handleMissingInstantiator(DeserializationContext.java:1209)
	at com.fasterxml.jackson.databind.deser.BeanDeserializerBase.deserializeFromObjectUsingNonDefault(BeanDeserializerBase.java:1415)
	at com.fasterxml.jackson.databind.deser.BeanDeserializer.deserializeFromObject(BeanDeserializer.java:362)
	at com.fasterxml.jackson.databind.deser.BeanDeserializer.deserialize(BeanDeserializer.java:195)
	at com.fasterxml.jackson.databind.deser.std.CollectionDeserializer._deserializeFromArray(CollectionDeserializer.java:355)
	at com.fasterxml.jackson.databind.deser.std.CollectionDeserializer.deserialize(CollectionDeserializer.java:244)
	at com.fasterxml.jackson.databind.deser.std.CollectionDeserializer.deserialize(CollectionDeserializer.java:28)
	at com.fasterxml.jackson.databind.deser.impl.MethodProperty.deserializeAndSet(MethodProperty.java:129)
	at com.fasterxml.jackson.databind.deser.BeanDeserializer.vanillaDeserialize(BeanDeserializer.java:324)
	at com.fasterxml.jackson.databind.deser.BeanDeserializer.deserialize(BeanDeserializer.java:187)
	at com.fasterxml.jackson.databind.deser.DefaultDeserializationContext.readRootValue(DefaultDeserializationContext.java:322)
	at com.fasterxml.jackson.databind.ObjectMapper._readMapAndClose(ObjectMapper.java:4593)
	at com.fasterxml.jackson.databind.ObjectMapper.readValue(ObjectMapper.java:3413)
	at org.iesfm.serialización.empresa.EmpresaMain.main(EmpresaMain.java:20)
2021-10-07 10:30:57 ERROR Empresa:33 - El jsonm no esta bien formado
com.fasterxml.jackson.databind.exc.InvalidDefinitionException: Cannot construct instance of `org.iesfm.serialización.empresa.Departamento` (no Creators, like default constructor, exist): cannot deserialize from Object value (no delegate- or property-based Creator)
 at [Source: (File); line: 5, column: 7] (through reference chain: org.iesfm.serialización.empresa.Empresa["departamentos"]->java.util.ArrayList[0])
	at com.fasterxml.jackson.databind.exc.InvalidDefinitionException.from(InvalidDefinitionException.java:67)
	at com.fasterxml.jackson.databind.DeserializationContext.reportBadDefinition(DeserializationContext.java:1764)
	at com.fasterxml.jackson.databind.DatabindContext.reportBadDefinition(DatabindContext.java:400)
	at com.fasterxml.jackson.databind.DeserializationContext.handleMissingInstantiator(DeserializationContext.java:1209)
	at com.fasterxml.jackson.databind.deser.BeanDeserializerBase.deserializeFromObjectUsingNonDefault(BeanDeserializerBase.java:1415)
	at com.fasterxml.jackson.databind.deser.BeanDeserializer.deserializeFromObject(BeanDeserializer.java:362)
	at com.fasterxml.jackson.databind.deser.BeanDeserializer.deserialize(BeanDeserializer.java:195)
	at com.fasterxml.jackson.databind.deser.std.CollectionDeserializer._deserializeFromArray(CollectionDeserializer.java:355)
	at com.fasterxml.jackson.databind.deser.std.CollectionDeserializer.deserialize(CollectionDeserializer.java:244)
	at com.fasterxml.jackson.databind.deser.std.CollectionDeserializer.deserialize(CollectionDeserializer.java:28)
	at com.fasterxml.jackson.databind.deser.impl.MethodProperty.deserializeAndSet(MethodProperty.java:129)
	at com.fasterxml.jackson.databind.deser.BeanDeserializer.vanillaDeserialize(BeanDeserializer.java:324)
	at com.fasterxml.jackson.databind.deser.BeanDeserializer.deserialize(BeanDeserializer.java:187)
	at com.fasterxml.jackson.databind.deser.DefaultDeserializationContext.readRootValue(DefaultDeserializationContext.java:322)
	at com.fasterxml.jackson.databind.ObjectMapper._readMapAndClose(ObjectMapper.java:4593)
	at com.fasterxml.jackson.databind.ObjectMapper.readValue(ObjectMapper.java:3413)
	at org.iesfm.serialización.empresa.EmpresaMain.main(EmpresaMain.java:20)
2021-10-07 10:35:56 ERROR Empresa:32 - El json no esta bien formado
com.fasterxml.jackson.databind.exc.InvalidDefinitionException: Cannot construct instance of `org.iesfm.serialización.empresa.Departamento` (no Creators, like default constructor, exist): cannot deserialize from Object value (no delegate- or property-based Creator)
 at [Source: (File); line: 5, column: 7] (through reference chain: org.iesfm.serialización.empresa.Empresa["departamentos"]->java.util.ArrayList[0])
	at com.fasterxml.jackson.databind.exc.InvalidDefinitionException.from(InvalidDefinitionException.java:67)
	at com.fasterxml.jackson.databind.DeserializationContext.reportBadDefinition(DeserializationContext.java:1764)
	at com.fasterxml.jackson.databind.DatabindContext.reportBadDefinition(DatabindContext.java:400)
	at com.fasterxml.jackson.databind.DeserializationContext.handleMissingInstantiator(DeserializationContext.java:1209)
	at com.fasterxml.jackson.databind.deser.BeanDeserializerBase.deserializeFromObjectUsingNonDefault(BeanDeserializerBase.java:1415)
	at com.fasterxml.jackson.databind.deser.BeanDeserializer.deserializeFromObject(BeanDeserializer.java:362)
	at com.fasterxml.jackson.databind.deser.BeanDeserializer.deserialize(BeanDeserializer.java:195)
	at com.fasterxml.jackson.databind.deser.std.CollectionDeserializer._deserializeFromArray(CollectionDeserializer.java:355)
	at com.fasterxml.jackson.databind.deser.std.CollectionDeserializer.deserialize(CollectionDeserializer.java:244)
	at com.fasterxml.jackson.databind.deser.std.CollectionDeserializer.deserialize(CollectionDeserializer.java:28)
	at com.fasterxml.jackson.databind.deser.impl.MethodProperty.deserializeAndSet(MethodProperty.java:129)
	at com.fasterxml.jackson.databind.deser.BeanDeserializer.vanillaDeserialize(BeanDeserializer.java:324)
	at com.fasterxml.jackson.databind.deser.BeanDeserializer.deserialize(BeanDeserializer.java:187)
	at com.fasterxml.jackson.databind.deser.DefaultDeserializationContext.readRootValue(DefaultDeserializationContext.java:322)
	at com.fasterxml.jackson.databind.ObjectMapper._readMapAndClose(ObjectMapper.java:4593)
	at com.fasterxml.jackson.databind.ObjectMapper.readValue(ObjectMapper.java:3413)
	at org.iesfm.serialización.empresa.EmpresaMain.main(EmpresaMain.java:19)
2021-10-07 10:36:59 INFO  Empresa:22 - Empresa{nombre='Empresa PEPSI definitivamente no inventada', departamentos=[Departamento{name='Recursos Humanos', empleados=[Empleado{nif='2154542', name='Pepa', surname='Pig', position='jefe de departamento'}, Empleado{nif='222222', name='Sergio', surname='Sayian', position='supervisor'}]}, Departamento{name='Marketing', empleados=[Empleado{nif='211111', name='Mikel', surname='Matrix', position='Diseñador web'}, Empleado{nif='3333330', name='Raul', surname='Preisedesan', position='Diseño grafico'}]}]}
2021-10-07 10:36:59 INFO  Empresa:23 - Empleado{nif='2154542', name='Pepa', surname='Pig', position='jefe de departamento'}
2021-10-07 11:11:14 INFO  Empresa:26 - Empresa{nombre='Empresa PEPSI definitivamente no inventada', departamentos=[Departamento{name='Recursos Humanos', empleados=[Empleado{nif='2154542', name='Pepa', surname='Pig', position='jefe de departamento'}, Empleado{nif='222222', name='Sergio', surname='Sayian', position='supervisor'}]}, Departamento{name='Marketing', empleados=[Empleado{nif='211111', name='Mikel', surname='Matrix', position='Diseñador web'}, Empleado{nif='3333330', name='Raul', surname='Preisedesan', position='Diseño grafico'}]}]}
2021-10-07 11:11:14 INFO  Empresa:28 - Empleado{nif='2154542', name='Pepa', surname='Pig', position='jefe de departamento'}
2021-10-07 11:14:21 INFO  Empresa:26 - Empresa{nombre='Empresa PEPSI definitivamente no inventada', departamentos=[Departamento{name='Recursos Humanos', empleados=[Empleado{nif='2154542', name='Pepa', surname='Pig', position='jefe de departamento'}, Empleado{nif='222222', name='Sergio', surname='Sayian', position='supervisor'}]}, Departamento{name='Marketing', empleados=[Empleado{nif='211111', name='Mikel', surname='Matrix', position='Diseñador web'}, Empleado{nif='3333330', name='Raul', surname='Preisedesan', position='Diseño grafico'}]}]}
2021-10-07 11:14:21 INFO  Empresa:28 - Empleado{nif='2154542', name='Pepa', surname='Pig', position='jefe de departamento'}
2021-10-07 12:22:06 ERROR Edificio:35 - El json no esta bien formado
com.fasterxml.jackson.databind.exc.UnrecognizedPropertyException: Unrecognized field "apartamenmtos" (class org.iesfm.serialización.edificio.Edificio), not marked as ignorable (3 known properties: "direccion", "municipio", "apartamentos"])
 at [Source: (File); line: 4, column: 21] (through reference chain: org.iesfm.serialización.edificio.Edificio["apartamenmtos"])
	at com.fasterxml.jackson.databind.exc.UnrecognizedPropertyException.from(UnrecognizedPropertyException.java:61)
	at com.fasterxml.jackson.databind.DeserializationContext.handleUnknownProperty(DeserializationContext.java:987)
	at com.fasterxml.jackson.databind.deser.std.StdDeserializer.handleUnknownProperty(StdDeserializer.java:1974)
	at com.fasterxml.jackson.databind.deser.BeanDeserializerBase.handleUnknownProperty(BeanDeserializerBase.java:1701)
	at com.fasterxml.jackson.databind.deser.BeanDeserializerBase.handleUnknownVanilla(BeanDeserializerBase.java:1679)
	at com.fasterxml.jackson.databind.deser.BeanDeserializer.vanillaDeserialize(BeanDeserializer.java:330)
	at com.fasterxml.jackson.databind.deser.BeanDeserializer.deserialize(BeanDeserializer.java:187)
	at com.fasterxml.jackson.databind.deser.DefaultDeserializationContext.readRootValue(DefaultDeserializationContext.java:322)
	at com.fasterxml.jackson.databind.ObjectMapper._readMapAndClose(ObjectMapper.java:4593)
	at com.fasterxml.jackson.databind.ObjectMapper.readValue(ObjectMapper.java:3413)
	at org.iesfm.serialización.edificio.EdificioMain.main(EdificioMain.java:23)
2021-10-07 12:22:39 INFO  Edificio:26 - Edificio{direccion='Calle', municipio='Fuenlabra', apartamentos=[Apartamento{numPlanta=1, Puerta='A', propietarios=[Propietarios{nombre='Raul', apellido='PraiseTheSun'}]}, Apartamento{numPlanta=1, Puerta='A', propietarios=[Propietarios{nombre='Teodoro', apellido='Sonico'}]}, Apartamento{numPlanta=2, Puerta='B', propietarios=[Propietarios{nombre='Michal', apellido='Metroidvania'}]}, Apartamento{numPlanta=3, Puerta='A', propietarios=[Propietarios{nombre='Pablo', apellido='Japon'}]}]}
2021-10-07 12:42:01 INFO  Empresa:26 - Empresa{nombre='Empresa PEPSI definitivamente no inventada', departamentos=[Departamento{name='Recursos Humanos', empleados=[Empleado{nif='2154542', name='Pepa', surname='Pig', position='jefe de departamento'}, Empleado{nif='222222', name='Sergio', surname='Sayian', position='supervisor'}]}, Departamento{name='Marketing', empleados=[Empleado{nif='211111', name='Mikel', surname='Matrix', position='Diseñador web'}, Empleado{nif='3333330', name='Raul', surname='Preisedesan', position='Diseño grafico'}]}]}
2021-10-07 12:42:15 INFO  Empresa:26 - Empresa{nombre='Empresa PEPSI definitivamente no inventada', departamentos=[Departamento{name='Recursos Humanos', empleados=[Empleado{nif='2154542', name='Pepa', surname='Pig', position='jefe de departamento'}, Empleado{nif='222222', name='Sergio', surname='Sayian', position='supervisor'}]}, Departamento{name='Marketing', empleados=[Empleado{nif='211111', name='Mikel', surname='Matrix', position='Diseñador web'}, Empleado{nif='3333330', name='Raul', surname='Preisedesan', position='Diseño grafico'}]}]}
2021-10-07 12:42:46 INFO  Empresa:26 - Empresa{nombre='Empresa PEPSI definitivamente no inventada', departamentos=[Departamento{name='Recursos Humanos', empleados=[Empleado{nif='2154542', name='Pepa', surname='Pig', position='jefe de departamento'}, Empleado{nif='222222', name='Sergio', surname='Sayian', position='supervisor'}]}, Departamento{name='Marketing', empleados=[Empleado{nif='211111', name='Mikel', surname='Matrix', position='Diseñador web'}, Empleado{nif='3333330', name='Raul', surname='Preisedesan', position='Diseño grafico'}]}]}
