2021-10-22 19:18:28 ERROR TiendaMain:27 - El json no esta bien formado
com.fasterxml.jackson.databind.exc.UnrecognizedPropertyException: Unrecognized field "catalog" (class Tienda), not marked as ignorable (2 known properties: "cattalog", "name"])
 at [Source: (File); line: 3, column: 14] (through reference chain: Tienda["catalog"])
	at com.fasterxml.jackson.databind.exc.UnrecognizedPropertyException.from(UnrecognizedPropertyException.java:61)
	at com.fasterxml.jackson.databind.DeserializationContext.handleUnknownProperty(DeserializationContext.java:987)
	at com.fasterxml.jackson.databind.deser.std.StdDeserializer.handleUnknownProperty(StdDeserializer.java:1974)
	at com.fasterxml.jackson.databind.deser.BeanDeserializerBase.handleUnknownProperty(BeanDeserializerBase.java:1701)
	at com.fasterxml.jackson.databind.deser.BeanDeserializerBase.handleUnknownVanilla(BeanDeserializerBase.java:1679)
	at com.fasterxml.jackson.databind.deser.BeanDeserializer.vanillaDeserialize(BeanDeserializer.java:330)
	at com.fasterxml.jackson.databind.deser.BeanDeserializer.deserialize(BeanDeserializer.java:187)
	at com.fasterxml.jackson.databind.deser.DefaultDeserializationContext.readRootValue(DefaultDeserializationContext.java:322)
	at com.fasterxml.jackson.databind.ObjectMapper._readMapAndClose(ObjectMapper.java:4593)
	at com.fasterxml.jackson.databind.ObjectMapper.readValue(ObjectMapper.java:3413)
	at TiendaMain.main(TiendaMain.java:16)
2021-10-22 19:25:38 ERROR TiendaMain:26 - El json no esta bien formado
com.fasterxml.jackson.databind.exc.UnrecognizedPropertyException: Unrecognized field "catalog" (class Tienda), not marked as ignorable (2 known properties: "cattalog", "name"])
 at [Source: (File); line: 3, column: 14] (through reference chain: Tienda["catalog"])
	at com.fasterxml.jackson.databind.exc.UnrecognizedPropertyException.from(UnrecognizedPropertyException.java:61)
	at com.fasterxml.jackson.databind.DeserializationContext.handleUnknownProperty(DeserializationContext.java:987)
	at com.fasterxml.jackson.databind.deser.std.StdDeserializer.handleUnknownProperty(StdDeserializer.java:1974)
	at com.fasterxml.jackson.databind.deser.BeanDeserializerBase.handleUnknownProperty(BeanDeserializerBase.java:1701)
	at com.fasterxml.jackson.databind.deser.BeanDeserializerBase.handleUnknownVanilla(BeanDeserializerBase.java:1679)
	at com.fasterxml.jackson.databind.deser.BeanDeserializer.vanillaDeserialize(BeanDeserializer.java:330)
	at com.fasterxml.jackson.databind.deser.BeanDeserializer.deserialize(BeanDeserializer.java:187)
	at com.fasterxml.jackson.databind.deser.DefaultDeserializationContext.readRootValue(DefaultDeserializationContext.java:322)
	at com.fasterxml.jackson.databind.ObjectMapper._readMapAndClose(ObjectMapper.java:4593)
	at com.fasterxml.jackson.databind.ObjectMapper.readValue(ObjectMapper.java:3413)
	at TiendaMain.main(TiendaMain.java:16)
2021-10-22 19:26:38 ERROR TiendaMain:26 - El json no esta bien formado
com.fasterxml.jackson.databind.exc.UnrecognizedPropertyException: Unrecognized field "catalog" (class Tienda), not marked as ignorable (2 known properties: "cattalog", "name"])
 at [Source: (File); line: 3, column: 14] (through reference chain: Tienda["catalog"])
	at com.fasterxml.jackson.databind.exc.UnrecognizedPropertyException.from(UnrecognizedPropertyException.java:61)
	at com.fasterxml.jackson.databind.DeserializationContext.handleUnknownProperty(DeserializationContext.java:987)
	at com.fasterxml.jackson.databind.deser.std.StdDeserializer.handleUnknownProperty(StdDeserializer.java:1974)
	at com.fasterxml.jackson.databind.deser.BeanDeserializerBase.handleUnknownProperty(BeanDeserializerBase.java:1701)
	at com.fasterxml.jackson.databind.deser.BeanDeserializerBase.handleUnknownVanilla(BeanDeserializerBase.java:1679)
	at com.fasterxml.jackson.databind.deser.BeanDeserializer.vanillaDeserialize(BeanDeserializer.java:330)
	at com.fasterxml.jackson.databind.deser.BeanDeserializer.deserialize(BeanDeserializer.java:187)
	at com.fasterxml.jackson.databind.deser.DefaultDeserializationContext.readRootValue(DefaultDeserializationContext.java:322)
	at com.fasterxml.jackson.databind.ObjectMapper._readMapAndClose(ObjectMapper.java:4593)
	at com.fasterxml.jackson.databind.ObjectMapper.readValue(ObjectMapper.java:3413)
	at TiendaMain.main(TiendaMain.java:16)
2021-10-22 19:36:09 INFO  TiendaMain:19 - Tienda{name='Mi tienda de juegos', catalog=[Product{productId=100, price=22.5, name='Monopoly', gameGenre=[Juego de mesa, Estrategia]}, Product{productId=101, price=100.5, name='Warcraft', gameGenre=[Videojuego, Estrategia]}], orders=[Order{orderId=100, date=Thu Oct 14 02:00:00 CEST 2021, price=145.5, items=[Item{productId=100, quantity=2}, Item{productId=101, quantity=1}]}]}
2021-10-22 19:40:35 INFO  TiendaMain:19 - 1
